<?xml version="1.0" encoding="UTF-8"?>
<!-- Generated by org.testng.reporters.JUnitReportReporter -->
<testsuite skipped="0" hostname="DELLi310GEN" name="pack1.TG2" tests="1" failures="0" timestamp="26 Oct 2021 14:50:25 GMT" time="12.734" errors="0">
  <testcase name="TestCase_4_selectStockCategories" time="12.734" classname="pack1.TG2"/>
</testsuite> <!-- pack1.TG2 -->
