<?xml version="1.0" encoding="UTF-8"?>
<!-- Generated by org.testng.reporters.JUnitReportReporter -->
<testsuite skipped="0" hostname="DELLi310GEN" name="pack1.TG1" tests="3" failures="0" timestamp="26 Oct 2021 14:50:25 GMT" time="26.978" errors="0">
  <testcase name="TestCase_3_AddStockItem" time="11.350" classname="pack1.TG1"/>
  <testcase name="TestCase_2_AccessStockItemsPage" time="8.622" classname="pack1.TG1"/>
  <testcase name="TestCase_1_Login" time="7.006" classname="pack1.TG1"/>
</testsuite> <!-- pack1.TG1 -->
